<?xml version="1.0" encoding="utf-8" standalone="no"?>
<!--This file represents the results of running a test suite-->
<test-results name="N:\Katas\MarsRoverKata\MarsRoverKata\MarsRover.nunit" total="1" errors="0" failures="0" not-run="0" inconclusive="0" ignored="0" skipped="0" invalid="0" date="2012-11-21" time="21:54:42">
  <environment nunit-version="2.6.2.12296" clr-version="2.0.50727.6266" os-version="Microsoft Windows NT 6.2.8400.0" platform="Win32NT" cwd="C:\Program Files (x86)\NUnit 2.6.2\bin" machine-name="GUIN8" user="Martin" user-domain="GUIN8" />
  <culture-info current-culture="en-US" current-uiculture="en-US" />
  <test-suite type="Project" name="N:\Katas\MarsRoverKata\MarsRoverKata\MarsRover.nunit" executed="True" result="Success" success="True" time="0.226" asserts="0">
    <results>
      <test-suite type="Assembly" name="N:\Katas\MarsRoverKata\MarsRoverKata\bin\Release\MarsRover.dll" executed="True" result="Success" success="True" time="0.163" asserts="0">
        <results>
          <test-suite type="Namespace" name="MarsRover" executed="True" result="Success" success="True" time="0.163" asserts="0">
            <results>
              <test-suite type="Namespace" name="Tests" executed="True" result="Success" success="True" time="0.162" asserts="0">
                <results>
                  <test-suite type="TestFixture" name="BasicMoves" executed="True" result="Success" success="True" time="0.158" asserts="0">
                    <results>
                      <test-suite type="ParameterizedTest" name="InitialPosition" executed="True" result="Success" success="True" time="0.133" asserts="0">
                        <results>
                          <test-case name="MarsRover.Tests.BasicMoves.InitialPosition()" executed="True" result="Success" success="True" time="0.107" asserts="2" />
                        </results>
                      </test-suite>
                    </results>
                  </test-suite>
                </results>
              </test-suite>
            </results>
          </test-suite>
        </results>
      </test-suite>
    </results>
  </test-suite>
</test-results>